  bullet.cpp
bullet.cpp(22): warning C4244: 'initializing': conversion from 'double' to 'float', possible loss of data
bullet.cpp(23): warning C4244: 'initializing': conversion from 'double' to 'float', possible loss of data
  driver.cpp
  flyingObject.cpp
  game.cpp
game.cpp(177): warning C4244: 'argument': conversion from 'int' to 'float', possible loss of data
game.cpp(178): warning C4244: 'argument': conversion from 'int' to 'float', possible loss of data
  point.cpp
  rocks.cpp
rocks.cpp(74): warning C4244: 'argument': conversion from 'double' to 'float', possible loss of data
rocks.cpp(78): warning C4244: 'argument': conversion from 'double' to 'float', possible loss of data
rocks.cpp(84): warning C4244: 'argument': conversion from 'double' to 'float', possible loss of data
rocks.cpp(88): warning C4244: 'argument': conversion from 'double' to 'float', possible loss of data
rocks.cpp(93): warning C4244: 'initializing': conversion from 'double' to 'float', possible loss of data
rocks.cpp(94): warning C4244: 'initializing': conversion from 'double' to 'float', possible loss of data
  ship.cpp
ship.cpp(36): warning C4244: 'initializing': conversion from 'double' to 'float', possible loss of data
ship.cpp(37): warning C4244: 'initializing': conversion from 'double' to 'float', possible loss of data
  uiDraw.cpp
uiDraw.cpp(183): warning C4244: 'argument': conversion from 'double' to 'float', possible loss of data
uiDraw.cpp(184): warning C4244: 'argument': conversion from 'double' to 'float', possible loss of data
uiDraw.cpp(459): warning C4244: 'argument': conversion from 'double' to 'GLfloat', possible loss of data
uiDraw.cpp(502): warning C4244: 'argument': conversion from 'double' to 'float', possible loss of data
uiDraw.cpp(503): warning C4244: 'argument': conversion from 'double' to 'float', possible loss of data
uiDraw.cpp(511): warning C4244: 'argument': conversion from 'double' to 'float', possible loss of data
uiDraw.cpp(512): warning C4244: 'argument': conversion from 'double' to 'float', possible loss of data
uiDraw.cpp(557): warning C4244: 'initializing': conversion from 'double' to 'float', possible loss of data
uiDraw.cpp(560): warning C4244: 'argument': conversion from 'float' to 'int', possible loss of data
  uiInteract.cpp
  velocity.cpp
velocity.cpp(23): warning C4244: 'argument': conversion from 'int' to 'float', possible loss of data
velocity.cpp(24): warning C4244: 'argument': conversion from 'int' to 'float', possible loss of data
  Generating code
  All 350 functions were compiled because no usable IPDB/IOBJ from previous compilation was found.
  Finished generating code
  Asteroids.vcxproj -> C:\Users\super\OneDrive - BYU-Idaho\College\Semester 3 Spring 2018\CS 165\FILES\Projects\13 - Asteroids\Milestone 2\Asteroids\x64\Release\Asteroids.exe
