c:\users\super\onedrive - byu-idaho\college\semester 3 spring 2018\cs 165\files\projects\13 - asteroids\milestone 2\asteroids\asteroids\x64\debug\vc141.pdb
c:\users\super\onedrive - byu-idaho\college\semester 3 spring 2018\cs 165\files\projects\13 - asteroids\milestone 2\asteroids\asteroids\x64\debug\vc141.idb
c:\users\super\onedrive - byu-idaho\college\semester 3 spring 2018\cs 165\files\projects\13 - asteroids\milestone 2\asteroids\asteroids\x64\debug\bullet.obj
c:\users\super\onedrive - byu-idaho\college\semester 3 spring 2018\cs 165\files\projects\13 - asteroids\milestone 2\asteroids\asteroids\x64\debug\driver.obj
c:\users\super\onedrive - byu-idaho\college\semester 3 spring 2018\cs 165\files\projects\13 - asteroids\milestone 2\asteroids\asteroids\x64\debug\flyingobject.obj
c:\users\super\onedrive - byu-idaho\college\semester 3 spring 2018\cs 165\files\projects\13 - asteroids\milestone 2\asteroids\asteroids\x64\debug\game.obj
c:\users\super\onedrive - byu-idaho\college\semester 3 spring 2018\cs 165\files\projects\13 - asteroids\milestone 2\asteroids\asteroids\x64\debug\point.obj
c:\users\super\onedrive - byu-idaho\college\semester 3 spring 2018\cs 165\files\projects\13 - asteroids\milestone 2\asteroids\asteroids\x64\debug\rocks.obj
c:\users\super\onedrive - byu-idaho\college\semester 3 spring 2018\cs 165\files\projects\13 - asteroids\milestone 2\asteroids\asteroids\x64\debug\ship.obj
c:\users\super\onedrive - byu-idaho\college\semester 3 spring 2018\cs 165\files\projects\13 - asteroids\milestone 2\asteroids\asteroids\x64\debug\uidraw.obj
c:\users\super\onedrive - byu-idaho\college\semester 3 spring 2018\cs 165\files\projects\13 - asteroids\milestone 2\asteroids\asteroids\x64\debug\uiinteract.obj
c:\users\super\onedrive - byu-idaho\college\semester 3 spring 2018\cs 165\files\projects\13 - asteroids\milestone 2\asteroids\asteroids\x64\debug\velocity.obj
c:\users\super\onedrive - byu-idaho\college\semester 3 spring 2018\cs 165\files\projects\13 - asteroids\milestone 2\asteroids\x64\debug\asteroids.ilk
c:\users\super\onedrive - byu-idaho\college\semester 3 spring 2018\cs 165\files\projects\13 - asteroids\milestone 2\asteroids\x64\debug\asteroids.exe
c:\users\super\onedrive - byu-idaho\college\semester 3 spring 2018\cs 165\files\projects\13 - asteroids\milestone 2\asteroids\x64\debug\asteroids.pdb
c:\users\super\onedrive - byu-idaho\college\semester 3 spring 2018\cs 165\files\projects\13 - asteroids\milestone 2\asteroids\asteroids\x64\debug\asteroids.res
c:\users\super\onedrive - byu-idaho\college\semester 3 spring 2018\cs 165\files\projects\13 - asteroids\milestone 2\asteroids\asteroids\x64\debug\asteroids.tlog\cl.command.1.tlog
c:\users\super\onedrive - byu-idaho\college\semester 3 spring 2018\cs 165\files\projects\13 - asteroids\milestone 2\asteroids\asteroids\x64\debug\asteroids.tlog\cl.read.1.tlog
c:\users\super\onedrive - byu-idaho\college\semester 3 spring 2018\cs 165\files\projects\13 - asteroids\milestone 2\asteroids\asteroids\x64\debug\asteroids.tlog\cl.write.1.tlog
c:\users\super\onedrive - byu-idaho\college\semester 3 spring 2018\cs 165\files\projects\13 - asteroids\milestone 2\asteroids\asteroids\x64\debug\asteroids.tlog\link.command.1.tlog
c:\users\super\onedrive - byu-idaho\college\semester 3 spring 2018\cs 165\files\projects\13 - asteroids\milestone 2\asteroids\asteroids\x64\debug\asteroids.tlog\link.read.1.tlog
c:\users\super\onedrive - byu-idaho\college\semester 3 spring 2018\cs 165\files\projects\13 - asteroids\milestone 2\asteroids\asteroids\x64\debug\asteroids.tlog\link.write.1.tlog
c:\users\super\onedrive - byu-idaho\college\semester 3 spring 2018\cs 165\files\projects\13 - asteroids\milestone 2\asteroids\asteroids\x64\debug\asteroids.tlog\rc.command.1.tlog
c:\users\super\onedrive - byu-idaho\college\semester 3 spring 2018\cs 165\files\projects\13 - asteroids\milestone 2\asteroids\asteroids\x64\debug\asteroids.tlog\rc.read.1.tlog
c:\users\super\onedrive - byu-idaho\college\semester 3 spring 2018\cs 165\files\projects\13 - asteroids\milestone 2\asteroids\asteroids\x64\debug\asteroids.tlog\rc.write.1.tlog
